<?xml version="1.0" encoding="UTF-8" standalone="no"?>
<databaseChangeLog xmlns="http://www.liquibase.org/xml/ns/dbchangelog"
                   xmlns:xsi="http://www.w3.org/2001/XMLSchema-instance"
                   xsi:schemaLocation="http://www.liquibase.org/xml/ns/dbchangelog http://www.liquibase.org/xml/ns/dbchangelog/dbchangelog-3.3.xsd">

    <changeSet author="KumuluzEE" id="create_test_table">
        <createTable tableName="test">
            <column name="id" type="varchar(128)"/>
            <column name="testField" type="varchar(64)"/>
        </createTable>
    </changeSet>

</databaseChangeLog>